# JRE version: OpenJDK Runtime Environment Temurin-17.0.3+7 (17.0.3+7) (build 17.0.3+7)
# Java VM: OpenJDK 64-Bit Server VM Temurin-17.0.3+7 (17.0.3+7, mixed mode, sharing, tiered, compressed oops, compressed class ptrs, g1 gc, windows-amd64)
GC Precious Log:
 CPUs: 16 total, 16 available
 Memory: 16108M
 Large Page Support: Disabled
 NUMA Support: Disabled
 Compressed Oops: Enabled (Zero based)
 Heap Region Size: 2M
 Heap Min Capacity: 512M
 Heap Initial Capacity: 512M
 Heap Max Capacity: 4072M
 Pre-touch: Disabled
 Parallel Workers: 13
 Concurrent Workers: 3
 Concurrent Refinement Workers: 13
 Periodic GC: Disabled
 String Deduplication is enabled
Heap:
 garbage-first heap   total 524288K, used 162337K [0x0000000701800000, 0x0000000800000000)
  region size 2048K, 38 young (77824K), 1 survivors (2048K)
 Metaspace       used 87214K, committed 87936K, reserved 1130496K
  class space    used 11815K, committed 12160K, reserved 1048576K
GC Heap History (20 events):
Event: 1053.783 GC heap before
{Heap before GC invocations=193 (full 143):
 garbage-first heap   total 524288K, used 96067K [0x0000000701800000, 0x0000000800000000)
  region size 2048K, 5 young (10240K), 0 survivors (0K)
 Metaspace       used 86861K, committed 87552K, reserved 1130496K
  class space    used 11814K, committed 12160K, reserved 1048576K
}
Event: 1053.785 GC heap after
{Heap after GC invocations=194 (full 143):
 garbage-first heap   total 524288K, used 88053K [0x0000000701800000, 0x0000000800000000)
  region size 2048K, 1 young (2048K), 1 survivors (2048K)
 Metaspace       used 86861K, committed 87552K, reserved 1130496K
  class space    used 11814K, committed 12160K, reserved 1048576K
}
Event: 1081.052 GC heap before
{Heap before GC invocations=194 (full 143):
 garbage-first heap   total 524288K, used 167925K [0x0000000701800000, 0x0000000800000000)
  region size 2048K, 40 young (81920K), 1 survivors (2048K)
 Metaspace       used 86870K, committed 87552K, reserved 1130496K
  class space    used 11814K, committed 12160K, reserved 1048576K
}
Event: 1081.053 GC heap after
{Heap after GC invocations=195 (full 143):
 garbage-first heap   total 524288K, used 88235K [0x0000000701800000, 0x0000000800000000)
  region size 2048K, 1 young (2048K), 1 survivors (2048K)
 Metaspace       used 86870K, committed 87552K, reserved 1130496K
  class space    used 11814K, committed 12160K, reserved 1048576K
}
Event: 1085.567 GC heap before
{Heap before GC invocations=195 (full 143):
 garbage-first heap   total 524288K, used 168107K [0x0000000701800000, 0x0000000800000000)
  region size 2048K, 40 young (81920K), 1 survivors (2048K)
 Metaspace       used 86917K, committed 87680K, reserved 1130496K
  class space    used 11814K, committed 12160K, reserved 1048576K
}
Event: 1085.569 GC heap after
{Heap after GC invocations=196 (full 143):
 garbage-first heap   total 524288K, used 88258K [0x0000000701800000, 0x0000000800000000)
  region size 2048K, 1 young (2048K), 1 survivors (2048K)
 Metaspace       used 86917K, committed 87680K, reserved 1130496K
  class space    used 11814K, committed 12160K, reserved 1048576K
}
Event: 1088.725 GC heap before
{Heap before GC invocations=196 (full 143):
 garbage-first heap   total 524288K, used 168130K [0x0000000701800000, 0x0000000800000000)
  region size 2048K, 40 young (81920K), 1 survivors (2048K)
 Metaspace       used 86968K, committed 87680K, reserved 1130496K
  class space    used 11814K, committed 12160K, reserved 1048576K
}
Event: 1088.728 GC heap after
{Heap after GC invocations=197 (full 143):
 garbage-first heap   total 524288K, used 88252K [0x0000000701800000, 0x0000000800000000)
  region size 2048K, 1 young (2048K), 1 survivors (2048K)
 Metaspace       used 86968K, committed 87680K, reserved 1130496K
  class space    used 11814K, committed 12160K, reserved 1048576K
}
Event: 1090.871 GC heap before
{Heap before GC invocations=197 (full 143):
 garbage-first heap   total 524288K, used 168124K [0x0000000701800000, 0x0000000800000000)
  region size 2048K, 40 young (81920K), 1 survivors (2048K)
 Metaspace       used 87010K, committed 87744K, reserved 1130496K
  class space    used 11814K, committed 12160K, reserved 1048576K
}
Event: 1090.873 GC heap after
{Heap after GC invocations=198 (full 143):
 garbage-first heap   total 524288K, used 88327K [0x0000000701800000, 0x0000000800000000)
  region size 2048K, 1 young (2048K), 1 survivors (2048K)
 Metaspace       used 87010K, committed 87744K, reserved 1130496K
  class space    used 11814K, committed 12160K, reserved 1048576K
}
Event: 1091.992 GC heap before
{Heap before GC invocations=198 (full 143):
 garbage-first heap   total 524288K, used 168199K [0x0000000701800000, 0x0000000800000000)
  region size 2048K, 40 young (81920K), 1 survivors (2048K)
 Metaspace       used 87011K, committed 87744K, reserved 1130496K
  class space    used 11814K, committed 12160K, reserved 1048576K
}
Event: 1091.993 GC heap after
{Heap after GC invocations=199 (full 143):
 garbage-first heap   total 524288K, used 88345K [0x0000000701800000, 0x0000000800000000)
  region size 2048K, 1 young (2048K), 1 survivors (2048K)
 Metaspace       used 87011K, committed 87744K, reserved 1130496K
  class space    used 11814K, committed 12160K, reserved 1048576K
}
Event: 1093.644 GC heap before
{Heap before GC invocations=199 (full 143):
 garbage-first heap   total 524288K, used 168217K [0x0000000701800000, 0x0000000800000000)
  region size 2048K, 40 young (81920K), 1 survivors (2048K)
 Metaspace       used 87014K, committed 87744K, reserved 1130496K
  class space    used 11814K, committed 12160K, reserved 1048576K
}
Event: 1093.646 GC heap after
{Heap after GC invocations=200 (full 143):
 garbage-first heap   total 524288K, used 88449K [0x0000000701800000, 0x0000000800000000)
  region size 2048K, 1 young (2048K), 1 survivors (2048K)
 Metaspace       used 87014K, committed 87744K, reserved 1130496K
  class space    used 11814K, committed 12160K, reserved 1048576K
}
Event: 1095.387 GC heap before
{Heap before GC invocations=200 (full 143):
 garbage-first heap   total 524288K, used 168321K [0x0000000701800000, 0x0000000800000000)
  region size 2048K, 40 young (81920K), 1 survivors (2048K)
 Metaspace       used 87037K, committed 87744K, reserved 1130496K
  class space    used 11815K, committed 12160K, reserved 1048576K
}
Event: 1095.389 GC heap after
{Heap after GC invocations=201 (full 143):
 garbage-first heap   total 524288K, used 88490K [0x0000000701800000, 0x0000000800000000)
  region size 2048K, 1 young (2048K), 1 survivors (2048K)
 Metaspace       used 87037K, committed 87744K, reserved 1130496K
  class space    used 11815K, committed 12160K, reserved 1048576K
}
Event: 1098.073 GC heap before
{Heap before GC invocations=201 (full 143):
 garbage-first heap   total 524288K, used 168362K [0x0000000701800000, 0x0000000800000000)
  region size 2048K, 40 young (81920K), 1 survivors (2048K)
 Metaspace       used 87135K, committed 87872K, reserved 1130496K
  class space    used 11815K, committed 12160K, reserved 1048576K
}
Event: 1098.075 GC heap after
{Heap after GC invocations=202 (full 143):
 garbage-first heap   total 524288K, used 88511K [0x0000000701800000, 0x0000000800000000)
  region size 2048K, 1 young (2048K), 1 survivors (2048K)
 Metaspace       used 87135K, committed 87872K, reserved 1130496K
  class space    used 11815K, committed 12160K, reserved 1048576K
}
Event: 1101.353 GC heap before
{Heap before GC invocations=202 (full 143):
 garbage-first heap   total 524288K, used 168383K [0x0000000701800000, 0x0000000800000000)
  region size 2048K, 40 young (81920K), 1 survivors (2048K)
 Metaspace       used 87189K, committed 87872K, reserved 1130496K
  class space    used 11815K, committed 12160K, reserved 1048576K
}
Event: 1101.354 GC heap after
{Heap after GC invocations=203 (full 143):
 garbage-first heap   total 524288K, used 88609K [0x0000000701800000, 0x0000000800000000)
  region size 2048K, 1 young (2048K), 1 survivors (2048K)
 Metaspace       used 87189K, committed 87872K, reserved 1130496K
  class space    used 11815K, committed 12160K, reserved 1048576K
}

