# JRE version: OpenJDK Runtime Environment Temurin-17.0.3+7 (17.0.3+7) (build 17.0.3+7)
# Java VM: OpenJDK 64-Bit Server VM Temurin-17.0.3+7 (17.0.3+7, mixed mode, sharing, tiered, compressed oops, compressed class ptrs, g1 gc, windows-amd64)
GC Precious Log:
 CPUs: 16 total, 16 available
 Memory: 16108M
 Large Page Support: Disabled
 NUMA Support: Disabled
 Compressed Oops: Enabled (Zero based)
 Heap Region Size: 2M
 Heap Min Capacity: 512M
 Heap Initial Capacity: 512M
 Heap Max Capacity: 4072M
 Pre-touch: Disabled
 Parallel Workers: 13
 Concurrent Workers: 3
 Concurrent Refinement Workers: 13
 Periodic GC: Disabled
 String Deduplication is enabled
Heap:
 garbage-first heap   total 524288K, used 132739K [0x0000000701800000, 0x0000000800000000)
  region size 2048K, 26 young (53248K), 1 survivors (2048K)
 Metaspace       used 83726K, committed 84416K, reserved 1122304K
  class space    used 11497K, committed 11840K, reserved 1048576K
GC Heap History (20 events):
Event: 62.255 GC heap before
{Heap before GC invocations=41 (full 16):
 garbage-first heap   total 524288K, used 89325K [0x0000000701800000, 0x0000000800000000)
  region size 2048K, 3 young (6144K), 0 survivors (0K)
 Metaspace       used 83394K, committed 83968K, reserved 1122304K
  class space    used 11483K, committed 11776K, reserved 1048576K
}
Event: 62.293 GC heap after
{Heap after GC invocations=42 (full 17):
 garbage-first heap   total 524288K, used 82975K [0x0000000701800000, 0x0000000800000000)
  region size 2048K, 0 young (0K), 0 survivors (0K)
 Metaspace       used 83394K, committed 83968K, reserved 1122304K
  class space    used 11483K, committed 11776K, reserved 1048576K
}
Event: 64.991 GC heap before
{Heap before GC invocations=42 (full 17):
 garbage-first heap   total 524288K, used 91167K [0x0000000701800000, 0x0000000800000000)
  region size 2048K, 5 young (10240K), 0 survivors (0K)
 Metaspace       used 83408K, committed 83968K, reserved 1122304K
  class space    used 11483K, committed 11776K, reserved 1048576K
}
Event: 65.031 GC heap after
{Heap after GC invocations=43 (full 18):
 garbage-first heap   total 524288K, used 82977K [0x0000000701800000, 0x0000000800000000)
  region size 2048K, 0 young (0K), 0 survivors (0K)
 Metaspace       used 83408K, committed 83968K, reserved 1122304K
  class space    used 11483K, committed 11776K, reserved 1048576K
}
Event: 66.182 GC heap before
{Heap before GC invocations=43 (full 18):
 garbage-first heap   total 524288K, used 85025K [0x0000000701800000, 0x0000000800000000)
  region size 2048K, 2 young (4096K), 0 survivors (0K)
 Metaspace       used 83440K, committed 84096K, reserved 1122304K
  class space    used 11490K, committed 11840K, reserved 1048576K
}
Event: 66.224 GC heap after
{Heap after GC invocations=44 (full 19):
 garbage-first heap   total 524288K, used 82989K [0x0000000701800000, 0x0000000800000000)
  region size 2048K, 0 young (0K), 0 survivors (0K)
 Metaspace       used 83440K, committed 84096K, reserved 1122304K
  class space    used 11490K, committed 11840K, reserved 1048576K
}
Event: 66.325 GC heap before
{Heap before GC invocations=44 (full 19):
 garbage-first heap   total 524288K, used 89133K [0x0000000701800000, 0x0000000800000000)
  region size 2048K, 2 young (4096K), 0 survivors (0K)
 Metaspace       used 83441K, committed 84096K, reserved 1122304K
  class space    used 11490K, committed 11840K, reserved 1048576K
}
Event: 66.363 GC heap after
{Heap after GC invocations=45 (full 20):
 garbage-first heap   total 524288K, used 85037K [0x0000000701800000, 0x0000000800000000)
  region size 2048K, 0 young (0K), 0 survivors (0K)
 Metaspace       used 83441K, committed 84096K, reserved 1122304K
  class space    used 11490K, committed 11840K, reserved 1048576K
}
Event: 66.745 GC heap before
{Heap before GC invocations=45 (full 20):
 garbage-first heap   total 524288K, used 85037K [0x0000000701800000, 0x0000000800000000)
  region size 2048K, 1 young (2048K), 0 survivors (0K)
 Metaspace       used 83443K, committed 84096K, reserved 1122304K
  class space    used 11490K, committed 11840K, reserved 1048576K
}
Event: 66.784 GC heap after
{Heap after GC invocations=46 (full 21):
 garbage-first heap   total 524288K, used 82992K [0x0000000701800000, 0x0000000800000000)
  region size 2048K, 0 young (0K), 0 survivors (0K)
 Metaspace       used 83443K, committed 84096K, reserved 1122304K
  class space    used 11490K, committed 11840K, reserved 1048576K
}
Event: 66.807 GC heap before
{Heap before GC invocations=46 (full 21):
 garbage-first heap   total 524288K, used 89136K [0x0000000701800000, 0x0000000800000000)
  region size 2048K, 2 young (4096K), 0 survivors (0K)
 Metaspace       used 83461K, committed 84160K, reserved 1122304K
  class space    used 11490K, committed 11840K, reserved 1048576K
}
Event: 66.845 GC heap after
{Heap after GC invocations=47 (full 22):
 garbage-first heap   total 524288K, used 82993K [0x0000000701800000, 0x0000000800000000)
  region size 2048K, 0 young (0K), 0 survivors (0K)
 Metaspace       used 83461K, committed 84160K, reserved 1122304K
  class space    used 11490K, committed 11840K, reserved 1048576K
}
Event: 108.772 GC heap before
{Heap before GC invocations=47 (full 22):
 garbage-first heap   total 524288K, used 115761K [0x0000000701800000, 0x0000000800000000)
  region size 2048K, 17 young (34816K), 0 survivors (0K)
 Metaspace       used 83531K, committed 84224K, reserved 1122304K
  class space    used 11497K, committed 11840K, reserved 1048576K
}
Event: 108.774 GC heap after
{Heap after GC invocations=48 (full 22):
 garbage-first heap   total 524288K, used 83486K [0x0000000701800000, 0x0000000800000000)
  region size 2048K, 1 young (2048K), 1 survivors (2048K)
 Metaspace       used 83531K, committed 84224K, reserved 1122304K
  class space    used 11497K, committed 11840K, reserved 1048576K
}
Event: 111.062 GC heap before
{Heap before GC invocations=48 (full 22):
 garbage-first heap   total 524288K, used 101918K [0x0000000701800000, 0x0000000800000000)
  region size 2048K, 11 young (22528K), 1 survivors (2048K)
 Metaspace       used 83558K, committed 84224K, reserved 1122304K
  class space    used 11497K, committed 11840K, reserved 1048576K
}
Event: 111.104 GC heap after
{Heap after GC invocations=49 (full 23):
 garbage-first heap   total 524288K, used 83222K [0x0000000701800000, 0x0000000800000000)
  region size 2048K, 0 young (0K), 0 survivors (0K)
 Metaspace       used 83558K, committed 84224K, reserved 1122304K
  class space    used 11497K, committed 11840K, reserved 1048576K
}
Event: 113.625 GC heap before
{Heap before GC invocations=49 (full 23):
 garbage-first heap   total 524288K, used 165142K [0x0000000701800000, 0x0000000800000000)
  region size 2048K, 40 young (81920K), 0 survivors (0K)
 Metaspace       used 83596K, committed 84224K, reserved 1122304K
  class space    used 11497K, committed 11840K, reserved 1048576K
}
Event: 113.626 GC heap after
{Heap after GC invocations=50 (full 23):
 garbage-first heap   total 524288K, used 83479K [0x0000000701800000, 0x0000000800000000)
  region size 2048K, 1 young (2048K), 1 survivors (2048K)
 Metaspace       used 83596K, committed 84224K, reserved 1122304K
  class space    used 11497K, committed 11840K, reserved 1048576K
}
Event: 116.750 GC heap before
{Heap before GC invocations=50 (full 23):
 garbage-first heap   total 524288K, used 163351K [0x0000000701800000, 0x0000000800000000)
  region size 2048K, 40 young (81920K), 1 survivors (2048K)
 Metaspace       used 83662K, committed 84352K, reserved 1122304K
  class space    used 11497K, committed 11840K, reserved 1048576K
}
Event: 116.751 GC heap after
{Heap after GC invocations=51 (full 23):
 garbage-first heap   total 524288K, used 83587K [0x0000000701800000, 0x0000000800000000)
  region size 2048K, 1 young (2048K), 1 survivors (2048K)
 Metaspace       used 83662K, committed 84352K, reserved 1122304K
  class space    used 11497K, committed 11840K, reserved 1048576K
}

