# JRE version: OpenJDK Runtime Environment Temurin-17.0.3+7 (17.0.3+7) (build 17.0.3+7)
# Java VM: OpenJDK 64-Bit Server VM Temurin-17.0.3+7 (17.0.3+7, mixed mode, sharing, tiered, compressed oops, compressed class ptrs, g1 gc, windows-amd64)
GC Precious Log:
 CPUs: 16 total, 16 available
 Memory: 16108M
 Large Page Support: Disabled
 NUMA Support: Disabled
 Compressed Oops: Enabled (Zero based)
 Heap Region Size: 2M
 Heap Min Capacity: 512M
 Heap Initial Capacity: 512M
 Heap Max Capacity: 4072M
 Pre-touch: Disabled
 Parallel Workers: 13
 Concurrent Workers: 3
 Concurrent Refinement Workers: 13
 Periodic GC: Disabled
 String Deduplication is enabled
Heap:
 garbage-first heap   total 524288K, used 164628K [0x0000000701800000, 0x0000000800000000)
  region size 2048K, 25 young (51200K), 3 survivors (6144K)
 Metaspace       used 93523K, committed 94208K, reserved 1130496K
  class space    used 13560K, committed 13888K, reserved 1048576K
GC Heap History (20 events):
Event: 236.826 GC heap before
{Heap before GC invocations=66 (full 18):
 garbage-first heap   total 524288K, used 216307K [0x0000000701800000, 0x0000000800000000)
  region size 2048K, 40 young (81920K), 3 survivors (6144K)
 Metaspace       used 93159K, committed 93888K, reserved 1130496K
  class space    used 13548K, committed 13888K, reserved 1048576K
}
Event: 236.829 GC heap after
{Heap after GC invocations=67 (full 18):
 garbage-first heap   total 524288K, used 140626K [0x0000000701800000, 0x0000000800000000)
  region size 2048K, 3 young (6144K), 3 survivors (6144K)
 Metaspace       used 93159K, committed 93888K, reserved 1130496K
  class space    used 13548K, committed 13888K, reserved 1048576K
}
Event: 237.913 GC heap before
{Heap before GC invocations=67 (full 18):
 garbage-first heap   total 524288K, used 216402K [0x0000000701800000, 0x0000000800000000)
  region size 2048K, 40 young (81920K), 3 survivors (6144K)
 Metaspace       used 93160K, committed 93888K, reserved 1130496K
  class space    used 13548K, committed 13888K, reserved 1048576K
}
Event: 237.915 GC heap after
{Heap after GC invocations=68 (full 18):
 garbage-first heap   total 524288K, used 140504K [0x0000000701800000, 0x0000000800000000)
  region size 2048K, 3 young (6144K), 3 survivors (6144K)
 Metaspace       used 93160K, committed 93888K, reserved 1130496K
  class space    used 13548K, committed 13888K, reserved 1048576K
}
Event: 238.514 GC heap before
{Heap before GC invocations=68 (full 18):
 garbage-first heap   total 524288K, used 216280K [0x0000000701800000, 0x0000000800000000)
  region size 2048K, 40 young (81920K), 3 survivors (6144K)
 Metaspace       used 93170K, committed 93888K, reserved 1130496K
  class space    used 13548K, committed 13888K, reserved 1048576K
}
Event: 238.517 GC heap after
{Heap after GC invocations=69 (full 18):
 garbage-first heap   total 524288K, used 140568K [0x0000000701800000, 0x0000000800000000)
  region size 2048K, 3 young (6144K), 3 survivors (6144K)
 Metaspace       used 93170K, committed 93888K, reserved 1130496K
  class space    used 13548K, committed 13888K, reserved 1048576K
}
Event: 238.776 GC heap before
{Heap before GC invocations=69 (full 18):
 garbage-first heap   total 524288K, used 216344K [0x0000000701800000, 0x0000000800000000)
  region size 2048K, 40 young (81920K), 3 survivors (6144K)
 Metaspace       used 93170K, committed 93888K, reserved 1130496K
  class space    used 13548K, committed 13888K, reserved 1048576K
}
Event: 238.779 GC heap after
{Heap after GC invocations=70 (full 18):
 garbage-first heap   total 524288K, used 140555K [0x0000000701800000, 0x0000000800000000)
  region size 2048K, 3 young (6144K), 3 survivors (6144K)
 Metaspace       used 93170K, committed 93888K, reserved 1130496K
  class space    used 13548K, committed 13888K, reserved 1048576K
}
Event: 239.272 GC heap before
{Heap before GC invocations=70 (full 18):
 garbage-first heap   total 524288K, used 216331K [0x0000000701800000, 0x0000000800000000)
  region size 2048K, 40 young (81920K), 3 survivors (6144K)
 Metaspace       used 93171K, committed 93888K, reserved 1130496K
  class space    used 13548K, committed 13888K, reserved 1048576K
}
Event: 239.275 GC heap after
{Heap after GC invocations=71 (full 18):
 garbage-first heap   total 524288K, used 140613K [0x0000000701800000, 0x0000000800000000)
  region size 2048K, 3 young (6144K), 3 survivors (6144K)
 Metaspace       used 93171K, committed 93888K, reserved 1130496K
  class space    used 13548K, committed 13888K, reserved 1048576K
}
Event: 239.536 GC heap before
{Heap before GC invocations=71 (full 18):
 garbage-first heap   total 524288K, used 216389K [0x0000000701800000, 0x0000000800000000)
  region size 2048K, 40 young (81920K), 3 survivors (6144K)
 Metaspace       used 93171K, committed 93888K, reserved 1130496K
  class space    used 13548K, committed 13888K, reserved 1048576K
}
Event: 239.538 GC heap after
{Heap after GC invocations=72 (full 18):
 garbage-first heap   total 524288K, used 140663K [0x0000000701800000, 0x0000000800000000)
  region size 2048K, 3 young (6144K), 3 survivors (6144K)
 Metaspace       used 93171K, committed 93888K, reserved 1130496K
  class space    used 13548K, committed 13888K, reserved 1048576K
}
Event: 246.425 GC heap before
{Heap before GC invocations=72 (full 18):
 garbage-first heap   total 524288K, used 216439K [0x0000000701800000, 0x0000000800000000)
  region size 2048K, 40 young (81920K), 3 survivors (6144K)
 Metaspace       used 93198K, committed 93888K, reserved 1130496K
  class space    used 13549K, committed 13888K, reserved 1048576K
}
Event: 246.428 GC heap after
{Heap after GC invocations=73 (full 18):
 garbage-first heap   total 524288K, used 141161K [0x0000000701800000, 0x0000000800000000)
  region size 2048K, 3 young (6144K), 3 survivors (6144K)
 Metaspace       used 93198K, committed 93888K, reserved 1130496K
  class space    used 13549K, committed 13888K, reserved 1048576K
}
Event: 246.827 GC heap before
{Heap before GC invocations=73 (full 18):
 garbage-first heap   total 524288K, used 216937K [0x0000000701800000, 0x0000000800000000)
  region size 2048K, 40 young (81920K), 3 survivors (6144K)
 Metaspace       used 93325K, committed 94016K, reserved 1130496K
  class space    used 13557K, committed 13888K, reserved 1048576K
}
Event: 246.830 GC heap after
{Heap after GC invocations=74 (full 18):
 garbage-first heap   total 524288K, used 143229K [0x0000000701800000, 0x0000000800000000)
  region size 2048K, 4 young (8192K), 4 survivors (8192K)
 Metaspace       used 93325K, committed 94016K, reserved 1130496K
  class space    used 13557K, committed 13888K, reserved 1048576K
}
Event: 250.058 GC heap before
{Heap before GC invocations=74 (full 18):
 garbage-first heap   total 524288K, used 210813K [0x0000000701800000, 0x0000000800000000)
  region size 2048K, 38 young (77824K), 4 survivors (8192K)
 Metaspace       used 93353K, committed 94080K, reserved 1130496K
  class space    used 13558K, committed 13888K, reserved 1048576K
}
Event: 250.114 GC heap after
{Heap after GC invocations=75 (full 19):
 garbage-first heap   total 524288K, used 113340K [0x0000000701800000, 0x0000000800000000)
  region size 2048K, 0 young (0K), 0 survivors (0K)
 Metaspace       used 93353K, committed 94080K, reserved 1130496K
  class space    used 13558K, committed 13888K, reserved 1048576K
}
Event: 251.003 GC heap before
{Heap before GC invocations=75 (full 19):
 garbage-first heap   total 524288K, used 195260K [0x0000000701800000, 0x0000000800000000)
  region size 2048K, 40 young (81920K), 0 survivors (0K)
 Metaspace       used 93439K, committed 94144K, reserved 1130496K
  class space    used 13558K, committed 13888K, reserved 1048576K
}
Event: 251.006 GC heap after
{Heap after GC invocations=76 (full 19):
 garbage-first heap   total 524288K, used 117524K [0x0000000701800000, 0x0000000800000000)
  region size 2048K, 3 young (6144K), 3 survivors (6144K)
 Metaspace       used 93439K, committed 94144K, reserved 1130496K
  class space    used 13558K, committed 13888K, reserved 1048576K
}

